\BOOKMARK [0][-]{chapter.1}{\376\377\147\072\126\150\133\146\116\140\173\200\116\313}{}% 1
\BOOKMARK [1][-]{section.1.1}{\376\377\147\072\126\150\133\146\116\140\166\204\215\167\156\220}{chapter.1}% 2
\BOOKMARK [1][-]{section.1.2}{\376\377\147\072\126\150\131\202\117\125\133\146\116\140}{chapter.1}% 3
\BOOKMARK [2][-]{subsection.1.2.1}{\376\377\142\275\214\141\123\026\124\214\167\345\213\306\166\204\210\150\217\276}{section.1.2}% 4
\BOOKMARK [2][-]{subsection.1.2.2}{\376\377\116\000\202\054\123\026}{section.1.2}% 5
\BOOKMARK [2][-]{subsection.1.2.3}{\376\377\213\304\117\060\133\146\116\140\166\204\142\020\122\237\140\047}{section.1.2}% 6
\BOOKMARK [1][-]{section.1.3}{\376\377\134\006\147\072\126\150\133\146\116\140\136\224\165\050\116\216\145\160\143\156\116\055\166\204\153\145\232\244}{chapter.1}% 7
\BOOKMARK [1][-]{section.1.4}{\376\377\220\011\142\351\147\072\126\150\133\146\116\140\173\227\154\325}{chapter.1}% 8
\BOOKMARK [2][-]{subsection.1.4.1}{\376\377\200\003\206\121\217\223\121\145\166\204\145\160\143\156}{section.1.4}% 9
\BOOKMARK [2][-]{subsection.1.4.2}{\376\377\200\003\206\121\147\072\126\150\133\146\116\140\173\227\154\325\166\204\174\173\127\213}{section.1.4}% 10
\BOOKMARK [3][-]{subsubsection.1.4.2.1}{\376\377\230\204\155\113\152\041\127\213}{subsection.1.4.2}% 11
\BOOKMARK [3][-]{subsubsection.1.4.2.2}{\376\377\143\317\217\360\140\047\152\041\127\213}{subsection.1.4.2}% 12
\BOOKMARK [2][-]{subsection.1.4.3}{\376\377\116\072\145\160\143\156\123\071\221\115\124\010\220\002\166\204\173\227\154\325}{section.1.4}% 13
\BOOKMARK [0][-]{chapter.2}{\376\377\145\160\143\156\166\204\173\241\164\006\124\214\164\006\211\343}{}% 14
\BOOKMARK [1][-]{section.2.1}{\376\377\000R\166\204\145\160\143\156\176\323\147\204}{chapter.2}% 15
\BOOKMARK [1][-]{section.2.2}{\376\377\126\340\133\120}{chapter.2}% 16
\BOOKMARK [2][-]{subsection.2.2.1}{\376\377\122\027\210\150}{section.2.2}% 17
\BOOKMARK [2][-]{subsection.2.2.2}{\376\377\145\160\143\156\150\106}{section.2.2}% 18
\BOOKMARK [2][-]{subsection.2.2.3}{\376\377\167\351\226\065\124\214\145\160\176\304}{section.2.2}% 19
\BOOKMARK [1][-]{section.2.3}{\376\377\165\050\000R\173\241\164\006\145\160\143\156}{chapter.2}% 20
\BOOKMARK [2][-]{subsection.2.3.1}{\376\377\117\335\133\130\124\214\122\240\217\175\000R\145\160\143\156\176\323\147\204}{section.2.3}% 21
\BOOKMARK [2][-]{subsection.2.3.2}{\376\377\165\050\000c\000s\000v\145\207\116\366\133\374\121\145\124\214\117\335\133\130\145\160\143\156}{section.2.3}% 22
\BOOKMARK [2][-]{subsection.2.3.3}{\376\377\116\316\000S\000Q\000L\145\160\143\156\136\223\133\374\121\145\145\160\143\156}{section.2.3}% 23
\BOOKMARK [1][-]{section.2.4}{\376\377\143\242\175\042\124\214\144\034\175\042\145\160\143\156}{chapter.2}% 24
\BOOKMARK [2][-]{subsection.2.4.1}{\376\377\143\242\175\042\145\160\143\156\176\323\147\204}{section.2.4}% 25
\BOOKMARK [2][-]{subsection.2.4.2}{\376\377\143\242\175\042\145\160\120\074\127\213\123\330\221\317}{section.2.4}% 26
\BOOKMARK [3][-]{subsubsection.2.4.2.1}{\376\377\155\113\221\317\116\055\137\303\215\213\122\277\040\023\136\163\127\107\145\160\124\214\116\055\117\115\145\160}{subsection.2.4.2}% 27
\BOOKMARK [3][-]{subsubsection.2.4.2.2}{\376\377\155\113\221\317\145\160\143\156\166\204\122\006\145\143\172\013\136\246\040\023\126\333\122\006\117\115\145\160\124\214\116\224\145\160\154\107\140\073}{subsection.2.4.2}% 28
\BOOKMARK [3][-]{subsubsection.2.4.2.3}{\376\377\145\160\120\074\127\213\123\330\221\317\123\357\211\306\123\026\040\023\173\261\126\376}{subsection.2.4.2}% 29
\BOOKMARK [3][-]{subsubsection.2.4.2.4}{\376\377\145\160\120\074\127\213\123\330\221\317\123\357\211\306\123\026\040\023\166\364\145\271\126\376}{subsection.2.4.2}% 30
\BOOKMARK [3][-]{subsubsection.2.4.2.5}{\376\377\116\206\211\343\145\160\120\074\127\213\145\160\143\156\040\023\127\107\123\000\122\006\136\003\124\214\153\143\140\001\122\006\136\003}{subsection.2.4.2}% 31
\BOOKMARK [3][-]{subsubsection.2.4.2.6}{\376\377\210\141\221\317\145\160\143\156\166\204\122\006\145\143\172\013\136\246\040\023\145\271\135\356\000/\150\007\121\306\135\356}{subsection.2.4.2}% 32
\BOOKMARK [2][-]{subsection.2.4.3}{\376\377\143\242\175\042\122\006\174\173\123\330\221\317}{section.2.4}% 33
\BOOKMARK [3][-]{subsubsection.2.4.3.1}{\376\377\000t\000a\000b\000l\000e\000\050\000\051\121\375\145\160}{subsection.2.4.3}% 34
\BOOKMARK [3][-]{subsubsection.2.4.3.2}{\376\377\210\141\221\317\116\055\137\303\215\213\122\277\040\023\117\027\145\160}{subsection.2.4.3}% 35
\BOOKMARK [2][-]{subsection.2.4.4}{\376\377\143\242\175\042\123\330\221\317\116\113\225\364\166\204\121\163\174\373}{section.2.4}% 36
\BOOKMARK [3][-]{subsubsection.2.4.4.1}{\376\377\123\330\221\317\116\113\225\364\121\163\174\373\166\204\123\357\211\306\123\026\040\023\145\143\160\271\126\376}{subsection.2.4.4}% 37
\BOOKMARK [3][-]{subsubsection.2.4.4.2}{\376\377\150\300\232\214\123\330\221\317\116\113\225\364\166\204\121\163\174\373\040\023\123\314\124\021\116\244\123\311\210\150}{subsection.2.4.4}% 38
\BOOKMARK [0][-]{chapter.3}{\376\377\141\322\140\360\133\146\116\140\040\023\117\177\165\050\217\321\220\273\122\006\174\173}{}% 39
\BOOKMARK [1][-]{section.3.1}{\376\377\164\006\211\343\117\177\165\050\217\321\220\273\217\333\210\114\122\006\174\173}{chapter.3}% 40
\BOOKMARK [2][-]{subsection.3.1.1}{\376\377\000k\000N\000N\173\227\154\325}{section.3.1}% 41
\BOOKMARK [3][-]{subsubsection.3.1.1.1}{\376\377\213\241\173\227\215\335\171\273}{subsection.3.1.1}% 42
\BOOKMARK [3][-]{subsubsection.3.1.1.2}{\376\377\220\011\142\351\116\000\116\052\124\010\220\002\166\204\000k}{subsection.3.1.1}% 43
\BOOKMARK [3][-]{subsubsection.3.1.1.3}{\376\377\121\306\131\007\000k\000N\000N\173\227\154\325\117\177\165\050\166\204\145\160\143\156}{subsection.3.1.1}% 44
\BOOKMARK [2][-]{subsection.3.1.2}{\376\377\116\072\116\300\116\110\000k\000N\000N\173\227\154\325\146\057\141\322\140\360\166\204}{section.3.1}% 45
\BOOKMARK [1][-]{section.3.2}{\376\377\165\050\000k\000N\000N\173\227\154\325\213\312\145\255\116\163\201\172\166\114}{chapter.3}% 46
\BOOKMARK [2][-]{subsection.3.2.1}{\376\377\173\054\116\000\153\145\040\023\145\066\226\306\145\160\143\156}{section.3.2}% 47
\BOOKMARK [2][-]{subsection.3.2.2}{\376\377\173\054\116\214\153\145\040\023\143\242\175\042\124\214\121\306\131\007\145\160\143\156}{section.3.2}% 48
\BOOKMARK [3][-]{subsubsection.3.2.2.1}{\376\377\217\154\143\142\040\023\000m\000i\000n\000-\000m\000a\000x\150\007\121\306\123\026\145\160\120\074\127\213\145\160\143\156}{subsection.3.2.2}% 49
\BOOKMARK [3][-]{subsubsection.3.2.2.2}{\376\377\145\160\143\156\121\306\131\007\040\023\122\033\136\372\213\255\176\303\145\160\143\156\226\306\124\214\155\113\213\325\145\160\143\156\226\306}{subsection.3.2.2}% 50
\BOOKMARK [2][-]{subsection.3.2.3}{\376\377\173\054\116\011\153\145\040\023\127\372\116\216\145\160\143\156\213\255\176\303\152\041\127\213}{section.3.2}% 51
\BOOKMARK [2][-]{subsection.3.2.4}{\376\377\173\054\126\333\153\145\040\023\213\304\117\060\152\041\127\213\166\204\140\047\200\375}{section.3.2}% 52
\BOOKMARK [2][-]{subsection.3.2.5}{\376\377\173\054\116\224\153\145\040\023\143\320\232\330\140\047\200\375}{section.3.2}% 53
\BOOKMARK [3][-]{subsubsection.3.2.5.1}{\376\377\217\154\143\142\040\023\000z\000-\000s\000c\000o\000r\000e\150\007\121\306\123\026}{subsection.3.2.5}% 54
\BOOKMARK [3][-]{subsubsection.3.2.5.2}{\376\377\155\113\213\325\121\166\116\326\166\204\000k\120\074}{subsection.3.2.5}% 55
\BOOKMARK [0][-]{chapter.4}{\376\377\151\202\163\207\133\146\116\140\040\023\147\064\175\040\215\035\123\366\145\257\122\006\174\173}{}% 56
\BOOKMARK [1][-]{section.4.1}{\376\377\164\006\211\343\147\064\175\040\215\035\123\366\145\257}{chapter.4}% 57
\BOOKMARK [2][-]{subsection.4.1.1}{\376\377\215\035\123\366\145\257\145\271\154\325\166\204\127\372\147\054\151\202\137\365}{section.4.1}% 58
\BOOKMARK [3][-]{subsubsection.4.1.1.1}{\376\377\151\202\163\207\000/\200\124\124\010\151\202\163\207}{subsection.4.1.1}% 59
\BOOKMARK [3][-]{subsubsection.4.1.1.2}{\376\377\127\372\116\216\215\035\123\366\145\257\133\232\164\006\166\204\147\141\116\366\151\202\163\207}{subsection.4.1.1}% 60
\BOOKMARK [2][-]{subsection.4.1.2}{\376\377\147\064\175\040\215\035\123\366\145\257\173\227\154\325}{section.4.1}% 61
\BOOKMARK [3][-]{subsubsection.4.1.2.1}{\376\377\147\064\175\040\215\035\123\366\145\257\122\006\174\173}{subsection.4.1.2}% 62
\BOOKMARK [3][-]{subsubsection.4.1.2.2}{\376\377\142\311\146\156\142\311\145\257\117\060\213\241}{subsection.4.1.2}% 63
\BOOKMARK [3][-]{subsubsection.4.1.2.3}{\376\377\127\050\147\064\175\040\215\035\123\366\145\257\173\227\154\325\116\055\117\177\165\050\145\160\120\074\162\171\137\201}{subsection.4.1.2}% 64
\BOOKMARK [1][-]{section.4.2}{\376\377\117\213\133\120\040\023\127\372\116\216\215\035\123\366\145\257\173\227\154\325\166\204\145\066\226\306\127\203\127\076\167\355\140\157\217\307\156\344}{chapter.4}% 65
\BOOKMARK [2][-]{subsection.4.2.1}{\376\377\173\054\116\000\153\145\040\023\145\066\226\306\145\160\143\156}{section.4.2}% 66
\BOOKMARK [2][-]{subsection.4.2.2}{\376\377\173\054\116\214\153\145\040\023\143\242\175\042\124\214\121\306\131\007\145\160\143\156}{section.4.2}% 67
\BOOKMARK [2][-]{subsection.4.2.3}{\376\377\145\160\143\156\121\306\131\007\040\023\131\004\164\006\124\214\122\006\147\220\145\207\147\054\145\160\143\156}{section.4.2}% 68
\BOOKMARK [3][-]{subsubsection.4.2.3.1}{\376\377\145\160\143\156\121\306\131\007\040\023\136\372\172\313\213\255\176\303\145\160\143\156\226\306\124\214\155\113\213\325\145\160\143\156\226\306}{subsection.4.2.3}% 69
\BOOKMARK [3][-]{subsubsection.4.2.3.2}{\376\377\123\357\211\306\123\026\145\207\147\054\145\160\143\156\040\023\213\315\116\221}{subsection.4.2.3}% 70
\BOOKMARK [3][-]{subsubsection.4.2.3.3}{\376\377\145\160\143\156\166\204\121\306\131\007\040\023\116\072\230\221\176\101\121\372\163\260\166\204\123\125\213\315\122\033\136\372\143\007\171\072\162\171\137\201}{subsection.4.2.3}% 71
\BOOKMARK [2][-]{subsection.4.2.4}{\376\377\173\054\116\011\153\145\040\023\127\372\116\216\145\160\143\156\213\255\176\303\152\041\127\213}{section.4.2}% 72
\BOOKMARK [2][-]{subsection.4.2.5}{\376\377\173\054\116\224\153\145\040\023\143\320\123\107\152\041\127\213\166\204\140\047\200\375}{section.4.2}% 73
\BOOKMARK [0][-]{chapter.5}{\376\377\122\006\200\014\154\273\116\113\040\023\136\224\165\050\121\263\173\126\150\021\124\214\211\304\122\031\217\333\210\114\122\006\174\173}{}% 74
\BOOKMARK [1][-]{section.5.1}{\376\377\164\006\211\343\121\263\173\126\150\021}{chapter.5}% 75
\BOOKMARK [2][-]{subsection.5.1.1}{\376\377\122\006\200\014\154\273\116\113}{section.5.1}% 76
\BOOKMARK [2][-]{subsection.5.1.2}{\376\377\000C\0005\000.\0000\121\263\173\126\150\021\173\227\154\325}{section.5.1}% 77
\BOOKMARK [3][-]{subsubsection.5.1.2.1}{\376\377\220\011\142\351\147\000\117\163\166\204\122\006\122\162}{subsection.5.1.2}% 78
\BOOKMARK [3][-]{subsubsection.5.1.2.2}{\376\377\117\356\122\152\121\263\173\126\150\021}{subsection.5.1.2}% 79
\BOOKMARK [1][-]{section.5.2}{\376\377\117\213\133\120\040\023\117\177\165\050\000C\0005\000.\0000\121\263\173\126\150\021\213\306\122\053\232\330\230\316\226\151\224\366\210\114\215\067\153\076}{chapter.5}% 80
\BOOKMARK [2][-]{subsection.5.2.1}{\376\377\173\054\116\000\153\145\040\023\145\066\226\306\145\160\143\156}{section.5.2}% 81
\BOOKMARK [2][-]{subsection.5.2.2}{\376\377\173\054\116\214\153\145\040\023\143\242\175\042\124\214\121\306\131\007\145\160\143\156}{section.5.2}% 82
\BOOKMARK [3][-]{subsubsection.5.2.2.1}{\376\377\145\160\143\156\121\306\131\007\040\023\122\033\136\372\226\217\147\072\166\204\213\255\176\303\145\160\143\156\226\306\124\214\155\113\213\325\145\160\143\156\226\306}{subsection.5.2.2}% 83
\BOOKMARK [2][-]{subsection.5.2.3}{\376\377\173\054\116\011\153\145\040\023\127\372\116\216\145\160\143\156\213\255\176\303\152\041\127\213}{section.5.2}% 84
\BOOKMARK [2][-]{subsection.5.2.4}{\376\377\173\054\126\333\153\145\040\023\213\304\117\060\152\041\127\213\140\047\200\375}{section.5.2}% 85
\BOOKMARK [2][-]{subsection.5.2.5}{\376\377\173\054\116\224\153\145\040\023\143\320\232\330\152\041\127\213\140\047\200\375}{section.5.2}% 86
\BOOKMARK [3][-]{subsubsection.5.2.5.1}{\376\377\143\320\232\330\121\263\173\126\150\021\166\204\121\306\170\156\140\047}{subsection.5.2.5}% 87
\BOOKMARK [3][-]{subsubsection.5.2.5.2}{\376\377\162\257\116\000\116\233\153\324\121\166\116\326\225\031\213\357\146\364\116\045\221\315\166\204\225\031\213\357}{subsection.5.2.5}% 88
\BOOKMARK [1][-]{section.5.3}{\376\377\164\006\211\343\122\006\174\173\211\304\122\031}{chapter.5}% 89
\BOOKMARK [2][-]{subsection.5.3.1}{\376\377\162\354\172\313\200\014\154\273\116\113}{section.5.3}% 90
\BOOKMARK [2][-]{subsection.5.3.2}{\376\377\123\125\211\304\122\031\000\050\0001\000R\000\051\173\227\154\325}{section.5.3}% 91
\BOOKMARK [2][-]{subsection.5.3.3}{\376\377\000R\000I\000P\000P\000E\000R\173\227\154\325}{section.5.3}% 92
\BOOKMARK [2][-]{subsection.5.3.4}{\376\377\147\145\201\352\121\263\173\126\150\021\166\204\211\304\122\031}{section.5.3}% 93
\BOOKMARK [1][-]{section.5.4}{\376\377\117\213\133\120\040\023\136\224\165\050\211\304\122\031\133\146\116\140\213\306\122\053\147\011\153\322\166\204\206\021\203\307}{chapter.5}% 94
\BOOKMARK [2][-]{subsection.5.4.1}{\376\377\173\054\116\000\153\145\040\023\145\066\226\306\145\160\143\156}{section.5.4}% 95
\BOOKMARK [2][-]{subsection.5.4.2}{\376\377\173\054\116\214\153\145\040\023\143\242\175\042\124\214\121\306\131\007\145\160\143\156}{section.5.4}% 96
\BOOKMARK [2][-]{subsection.5.4.3}{\376\377\173\054\116\011\153\145\040\023\127\372\116\216\145\160\143\156\213\255\176\303\152\041\127\213}{section.5.4}% 97
\BOOKMARK [2][-]{subsection.5.4.4}{\376\377\173\054\126\333\153\145\040\023\213\304\117\060\152\041\127\213\166\204\140\047\200\375}{section.5.4}% 98
\BOOKMARK [2][-]{subsection.5.4.5}{\376\377\173\054\116\224\153\145\040\023\143\320\232\330\152\041\127\213\140\047\200\375}{section.5.4}% 99
\BOOKMARK [0][-]{chapter.6}{\376\377\230\204\155\113\145\160\120\074\127\213\145\160\143\156\040\023\126\336\137\122\145\271\154\325}{}% 100
\BOOKMARK [1][-]{section.6.1}{\376\377\164\006\211\343\126\336\137\122}{chapter.6}% 101
\BOOKMARK [2][-]{subsection.6.1.1}{\376\377\173\200\123\125\176\277\140\047\126\336\137\122}{section.6.1}% 102
\BOOKMARK [2][-]{subsection.6.1.2}{\376\377\146\156\220\032\147\000\134\017\116\214\116\130\117\060\213\241}{section.6.1}% 103
\BOOKMARK [2][-]{subsection.6.1.3}{\376\377\166\370\121\163\174\373\145\160}{section.6.1}% 104
\BOOKMARK [2][-]{subsection.6.1.4}{\376\377\131\032\121\103\176\277\140\047\126\336\137\122}{section.6.1}% 105
\BOOKMARK [1][-]{section.6.2}{\376\377\117\213\133\120\040\023\136\224\165\050\176\277\140\047\126\336\137\122\230\204\155\113\123\073\165\227\215\071\165\050}{chapter.6}% 106
\BOOKMARK [2][-]{subsection.6.2.1}{\376\377\173\054\116\000\153\145\040\023\145\066\226\306\145\160\143\156}{section.6.2}% 107
\BOOKMARK [2][-]{subsection.6.2.2}{\376\377\173\054\116\214\153\145\040\023\143\242\175\042\124\214\121\306\131\007\145\160\143\156}{section.6.2}% 108
\BOOKMARK [3][-]{subsubsection.6.2.2.1}{\376\377\143\242\175\042\162\171\137\201\116\113\225\364\166\204\121\163\174\373\040\023\166\370\121\163\174\373\145\160\167\351\226\065}{subsection.6.2.2}% 109
\BOOKMARK [3][-]{subsubsection.6.2.2.2}{\376\377\123\357\211\306\123\026\162\171\137\201\116\113\225\364\166\204\121\163\174\373\040\023\145\143\160\271\126\376\167\351\226\065}{subsection.6.2.2}% 110
\BOOKMARK [2][-]{subsection.6.2.3}{\376\377\173\054\116\011\153\145\040\023\127\372\116\216\145\160\143\156\213\255\176\303\152\041\127\213}{section.6.2}% 111
\BOOKMARK [2][-]{subsection.6.2.4}{\376\377\173\054\126\333\153\145\040\023\213\304\117\060\152\041\127\213\166\204\140\047\200\375}{section.6.2}% 112
\BOOKMARK [2][-]{subsection.6.2.5}{\376\377\173\054\116\224\153\145\040\023\143\320\232\330\152\041\127\213\140\047\200\375}{section.6.2}% 113
\BOOKMARK [3][-]{subsubsection.6.2.5.1}{\376\377\152\041\127\213\166\204\213\276\133\232\040\023\155\373\122\240\227\136\176\277\140\047\121\163\174\373}{subsection.6.2.5}% 114
\BOOKMARK [3][-]{subsubsection.6.2.5.2}{\376\377\217\154\143\142\040\023\134\006\116\000\116\052\145\160\120\074\127\213\123\330\221\317\217\154\143\142\116\072\116\000\116\052\116\214\217\333\122\066\143\007\150\007}{subsection.6.2.5}% 115
\BOOKMARK [3][-]{subsubsection.6.2.5.3}{\376\377\152\041\127\213\166\204\213\276\133\232\040\023\122\240\121\145\166\370\116\222\117\134\165\050\166\204\137\161\124\315}{subsection.6.2.5}% 116
\BOOKMARK [3][-]{subsubsection.6.2.5.4}{\376\377\121\150\220\350\145\076\127\050\116\000\215\167\040\023\116\000\116\052\145\071\217\333\166\204\126\336\137\122\152\041\127\213}{subsection.6.2.5}% 117
\BOOKMARK [1][-]{section.6.3}{\376\377\164\006\211\343\126\336\137\122\150\021\124\214\152\041\127\213\150\021}{chapter.6}% 118
\BOOKMARK [2][-]{subsubsection.6.3.0.1}{\376\377\134\006\126\336\137\122\122\240\121\145\122\060\121\263\173\126\150\021}{section.6.3}% 119
\BOOKMARK [1][-]{section.6.4}{\376\377\117\213\133\120\040\023\165\050\126\336\137\122\150\021\124\214\152\041\127\213\150\021\117\060\213\241\204\141\204\004\221\122\166\204\215\050\221\317}{chapter.6}% 120
\BOOKMARK [2][-]{subsection.6.4.1}{\376\377\173\054\116\000\153\145\040\023\145\066\226\306\145\160\143\156}{section.6.4}% 121
\BOOKMARK [2][-]{subsection.6.4.2}{\376\377\173\054\116\214\153\145\040\023\143\242\175\042\124\214\121\306\131\007\145\160\143\156}{section.6.4}% 122
\BOOKMARK [2][-]{subsection.6.4.3}{\376\377\173\054\116\011\153\145\040\023\127\372\116\216\145\160\143\156\213\255\176\303\152\041\127\213}{section.6.4}% 123
\BOOKMARK [3][-]{subsubsection.6.4.3.1}{\376\377\123\357\211\306\123\026\121\263\173\126\150\021}{subsection.6.4.3}% 124
\BOOKMARK [2][-]{subsection.6.4.4}{\376\377\173\054\126\333\153\145\040\023\213\304\117\060\152\041\127\213\166\204\140\047\200\375}{section.6.4}% 125
\BOOKMARK [3][-]{subsubsection.6.4.4.1}{\376\377\165\050\136\163\127\107\176\335\133\371\213\357\135\356\136\246\221\317\140\047\200\375}{subsection.6.4.4}% 126
\BOOKMARK [2][-]{subsection.6.4.5}{\376\377\173\054\116\224\153\145\040\023\143\320\232\330\152\041\127\213\166\204\140\047\200\375}{section.6.4}% 127
\BOOKMARK [0][-]{chapter.7}{\376\377\236\321\173\261\145\271\154\325\040\023\171\136\176\317\177\121\176\334\124\214\145\057\143\001\124\021\221\317\147\072}{}% 128
\BOOKMARK [1][-]{section.7.1}{\376\377\164\006\211\343\171\136\176\317\177\121\176\334}{chapter.7}% 129
\BOOKMARK [2][-]{subsection.7.1.1}{\376\377\116\316\165\037\162\151\171\136\176\317\121\103\122\060\116\272\135\345\171\136\176\317\121\103}{section.7.1}% 130
\BOOKMARK [2][-]{subsection.7.1.2}{\376\377\157\300\155\073\121\375\145\160}{section.7.1}% 131
\BOOKMARK [2][-]{subsection.7.1.3}{\376\377\177\121\176\334\142\323\142\121}{section.7.1}% 132
\BOOKMARK [3][-]{subsubsection.7.1.3.1}{\376\377\134\102\166\204\145\160\166\356}{subsection.7.1.3}% 133
\BOOKMARK [3][-]{subsubsection.7.1.3.2}{\376\377\117\341\140\157\117\040\144\255\166\204\145\271\124\021}{subsection.7.1.3}% 134
\BOOKMARK [3][-]{subsubsection.7.1.3.3}{\376\377\153\317\116\000\134\102\166\204\202\202\160\271\145\160}{subsection.7.1.3}% 135
\BOOKMARK [2][-]{subsection.7.1.4}{\376\377\165\050\124\016\124\021\117\040\144\255\213\255\176\303\171\136\176\317\177\121\176\334}{section.7.1}% 136
\BOOKMARK [1][-]{section.7.2}{\376\377\165\050\116\272\135\345\171\136\176\317\177\121\176\334\133\371\155\367\121\335\127\037\166\204\137\072\136\246\217\333\210\114\136\372\152\041}{chapter.7}% 137
\BOOKMARK [2][-]{subsection.7.2.1}{\376\377\173\054\116\000\153\145\040\023\145\066\226\306\145\160\143\156}{section.7.2}% 138
\BOOKMARK [2][-]{subsection.7.2.2}{\376\377\173\054\116\214\153\145\040\023\143\242\175\042\124\214\121\306\131\007\145\160\143\156}{section.7.2}% 139
\BOOKMARK [2][-]{subsection.7.2.3}{\376\377\173\054\116\011\153\145\040\023\127\372\116\216\145\160\143\156\213\255\176\303\152\041\127\213}{section.7.2}% 140
\BOOKMARK [2][-]{subsection.7.2.4}{\376\377\173\054\126\333\153\145\040\023\213\304\117\060\152\041\127\213\140\047\200\375}{section.7.2}% 141
\BOOKMARK [2][-]{subsection.7.2.5}{\376\377\173\054\116\224\153\145\040\023\143\320\232\330\152\041\127\213\166\204\140\047\200\375}{section.7.2}% 142
\BOOKMARK [1][-]{section.7.3}{\376\377\164\006\211\343\145\057\143\001\124\021\221\317\147\072}{chapter.7}% 143
\BOOKMARK [2][-]{subsection.7.3.1}{\376\377\165\050\215\205\136\163\227\142\122\006\174\173}{section.7.3}% 144
\BOOKMARK [2][-]{subsection.7.3.2}{\376\377\133\373\142\176\147\000\131\047\225\364\226\224}{section.7.3}% 145
\BOOKMARK [3][-]{subsubsection.7.3.2.1}{\376\377\176\277\140\047\123\357\122\006\166\204\145\160\143\156\140\305\121\265}{subsection.7.3.2}% 146
\BOOKMARK [3][-]{subsubsection.7.3.2.2}{\376\377\227\136\176\277\140\047\123\357\122\006\166\204\145\160\143\156\140\305\121\265}{subsection.7.3.2}% 147
\BOOKMARK [2][-]{subsection.7.3.3}{\376\377\133\371\227\136\176\277\140\047\172\172\225\364\117\177\165\050\150\070\121\375\145\160}{section.7.3}% 148
\BOOKMARK [1][-]{section.7.4}{\376\377\165\050\145\057\143\001\124\021\221\317\147\072\217\333\210\114\121\111\133\146\133\127\173\046\213\306\122\053}{chapter.7}% 149
\BOOKMARK [2][-]{subsection.7.4.1}{\376\377\173\054\116\000\153\145\040\023\145\066\226\306\145\160\143\156}{section.7.4}% 150
\BOOKMARK [2][-]{subsection.7.4.2}{\376\377\173\054\116\214\153\145\040\023\143\242\175\042\124\214\121\306\131\007\145\160\143\156}{section.7.4}% 151
\BOOKMARK [2][-]{subsection.7.4.3}{\376\377\173\054\116\011\153\145\040\023\127\372\116\216\145\160\143\156\213\255\176\303\152\041\127\213}{section.7.4}% 152
\BOOKMARK [2][-]{subsection.7.4.4}{\376\377\173\054\126\333\153\145\040\023\213\304\117\060\152\041\127\213\166\204\140\047\200\375}{section.7.4}% 153
\BOOKMARK [2][-]{subsection.7.4.5}{\376\377\173\054\116\224\153\145\040\023\143\320\232\330\152\041\127\213\166\204\140\047\200\375}{section.7.4}% 154
\BOOKMARK [0][-]{chapter.8}{\376\377\143\242\133\373\152\041\137\017\040\023\127\372\116\216\121\163\200\124\211\304\122\031\166\204\215\055\162\151\173\356\122\006\147\220}{}% 155
\BOOKMARK [1][-]{section.8.1}{\376\377\164\006\211\343\121\163\200\124\211\304\122\031}{chapter.8}% 156
\BOOKMARK [2][-]{subsection.8.1.1}{\376\377\165\050\116\216\121\163\200\124\211\304\122\031\133\146\116\140\166\204\000A\000p\000r\000i\000o\000r\000i\173\227\154\325}{section.8.1}% 157
\BOOKMARK [3][-]{subsubsection.8.1.1.1}{\376\377\136\246\221\317\211\304\122\031\121\164\215\243\136\246\040\023\145\057\143\001\136\246\124\214\177\156\117\341\136\246}{subsection.8.1.1}% 158
\BOOKMARK [3][-]{subsubsection.8.1.1.2}{\376\377\165\050\000A\000p\000r\000i\000o\000r\000i\123\237\122\031\136\372\172\313\211\304\122\031}{subsection.8.1.1}% 159
\BOOKMARK [1][-]{section.8.2}{\376\377\117\213\133\120\040\023\165\050\121\163\200\124\211\304\122\031\170\156\133\232\176\317\136\070\116\000\215\167\215\055\116\160\166\204\230\337\124\301\147\102\215\047}{chapter.8}% 160
\BOOKMARK [2][-]{subsection.8.2.1}{\376\377\173\054\116\000\153\145\040\023\145\066\226\306\145\160\143\156}{section.8.2}% 161
\BOOKMARK [2][-]{subsection.8.2.2}{\376\377\173\054\116\214\153\145\040\023\143\242\175\042\124\214\121\306\131\007\145\160\143\156}{section.8.2}% 162
\BOOKMARK [3][-]{subsubsection.8.2.2.1}{\376\377\145\160\143\156\121\306\131\007\040\023\116\072\116\244\146\023\145\160\143\156\122\033\136\372\116\000\116\052\172\000\165\217\167\351\226\065}{subsection.8.2.2}% 163
\BOOKMARK [3][-]{subsubsection.8.2.2.2}{\376\377\123\357\211\306\123\026\125\106\124\301\166\204\145\057\143\001\136\246\040\023\125\106\124\301\166\204\230\221\163\207\126\376}{subsection.8.2.2}% 164
\BOOKMARK [3][-]{subsubsection.8.2.2.3}{\376\377\123\357\211\306\123\026\116\244\146\023\145\160\143\156\040\023\176\330\122\066\172\000\165\217\167\351\226\065}{subsection.8.2.2}% 165
\BOOKMARK [2][-]{subsection.8.2.3}{\376\377\173\054\116\011\153\145\040\023\127\372\116\216\145\160\143\156\213\255\176\303\152\041\127\213}{section.8.2}% 166
\BOOKMARK [2][-]{subsection.8.2.4}{\376\377\173\054\126\333\153\145\040\023\213\304\117\060\152\041\127\213\140\047\200\375}{section.8.2}% 167
\BOOKMARK [2][-]{subsection.8.2.5}{\376\377\173\054\116\224\153\145\040\023\143\320\232\330\152\041\127\213\140\047\200\375}{section.8.2}% 168
\BOOKMARK [3][-]{subsubsection.8.2.5.1}{\376\377\133\371\121\163\200\124\211\304\122\031\226\306\124\010\143\222\136\217}{subsection.8.2.5}% 169
\BOOKMARK [3][-]{subsubsection.8.2.5.2}{\376\377\143\320\123\326\121\163\200\124\211\304\122\031\166\204\133\120\226\306}{subsection.8.2.5}% 170
\BOOKMARK [3][-]{subsubsection.8.2.5.3}{\376\377\134\006\121\163\200\124\211\304\122\031\117\335\133\130\122\060\145\207\116\366\142\026\200\005\145\160\143\156\150\106}{subsection.8.2.5}% 171
\BOOKMARK [1][-]{section.8.3}{\376\377\140\073\176\323}{chapter.8}% 172
\BOOKMARK [0][-]{chapter.9}{\376\377\133\373\142\176\145\160\143\156\166\204\122\006\176\304\040\023\000k\127\107\120\074\200\132\174\173}{}% 173
\BOOKMARK [1][-]{section.9.1}{\376\377\164\006\211\343\200\132\174\173}{chapter.9}% 174
\BOOKMARK [2][-]{subsection.9.1.1}{\376\377\200\132\174\173\040\023\116\000\171\315\147\072\126\150\133\146\116\140\116\373\122\241}{section.9.1}% 175
\BOOKMARK [2][-]{subsection.9.1.2}{\376\377\000k\127\107\120\074\200\132\174\173\173\227\154\325}{section.9.1}% 176
\BOOKMARK [3][-]{subsubsection.9.1.2.1}{\376\377\117\177\165\050\215\335\171\273\147\145\122\006\221\115\124\214\146\364\145\260\174\173}{subsection.9.1.2}% 177
\BOOKMARK [3][-]{subsubsection.9.1.2.2}{\376\377\220\011\142\351\220\002\137\123\166\204\200\132\174\173\145\160}{subsection.9.1.2}% 178
\BOOKMARK [2][-]{subsection.9.1.3}{\376\377\165\050\000k\127\107\120\074\200\132\174\173\143\242\133\373\227\122\134\021\136\164\136\002\127\072\176\306\122\006}{section.9.1}% 179
\BOOKMARK [3][-]{subsubsection.9.1.3.1}{\376\377\173\054\116\000\153\145\040\023\145\066\226\306\145\160\143\156}{subsection.9.1.3}% 180
\BOOKMARK [3][-]{subsubsection.9.1.3.2}{\376\377\173\054\116\214\153\145\040\023\143\242\175\042\124\214\121\306\131\007\145\160\143\156}{subsection.9.1.3}% 181
\BOOKMARK [3][-]{subsubsection.9.1.3.3}{\376\377\145\160\143\156\121\306\131\007\040\023\177\072\131\061\120\074\166\204\206\132\142\337\177\026\170\001}{subsection.9.1.3}% 182
\BOOKMARK [3][-]{subsubsection.9.1.3.4}{\376\377\145\160\143\156\121\306\131\007\040\023\143\322\210\145\177\072\131\061\120\074}{subsection.9.1.3}% 183
\BOOKMARK [2][-]{subsection.9.1.4}{\376\377\173\054\116\011\153\145\040\023\127\372\116\216\145\160\143\156\213\255\176\303\152\041\127\213}{section.9.1}% 184
\BOOKMARK [2][-]{subsection.9.1.5}{\376\377\173\054\126\333\153\145\040\023\213\304\117\060\152\041\127\213\140\047\200\375}{section.9.1}% 185
\BOOKMARK [2][-]{subsection.9.1.6}{\376\377\173\054\116\224\153\145\040\023\143\320\232\330\152\041\127\213\140\047\200\375}{section.9.1}% 186
\BOOKMARK [1][-]{section.9.2}{\376\377\140\073\176\323}{chapter.9}% 187
\BOOKMARK [0][-]{chapter.10}{\376\377\152\041\127\213\140\047\200\375\213\304\116\367}{}% 188
\BOOKMARK [1][-]{section.10.1}{\376\377\136\246\221\317\122\006\174\173\145\271\154\325\166\204\140\047\200\375}{chapter.10}% 189
\BOOKMARK [2][-]{subsection.10.1.1}{\376\377\127\050\000R\116\055\131\004\164\006\122\006\174\173\230\204\155\113\145\160\143\156}{section.10.1}% 190
\BOOKMARK [2][-]{subsection.10.1.2}{\376\377\155\361\121\145\213\250\213\272\155\367\155\306\167\351\226\065}{section.10.1}% 191
\BOOKMARK [2][-]{subsection.10.1.3}{\376\377\117\177\165\050\155\367\155\306\167\351\226\065\136\246\221\317\140\047\200\375}{section.10.1}% 192
\BOOKMARK [3][-]{subsubsection.10.1.3.1}{\376\377\137\227\122\060\155\367\155\306\167\351\226\065\166\204\145\271\154\325}{subsection.10.1.3}% 193
\BOOKMARK [2][-]{subsection.10.1.4}{\376\377\121\306\170\156\136\246\116\113\131\026\166\204\121\166\116\326\140\047\200\375\213\304\116\367\143\007\150\007}{section.10.1}% 194
\BOOKMARK [3][-]{subsubsection.10.1.4.1}{\376\377\000K\000a\000p\000p\000a\176\337\213\241\221\317}{subsection.10.1.4}% 195
\BOOKMARK [3][-]{subsubsection.10.1.4.2}{\376\377\160\165\145\117\136\246\124\214\162\171\137\002\140\047}{subsection.10.1.4}% 196
\BOOKMARK [3][-]{subsubsection.10.1.4.3}{\376\377\174\276\170\156\136\246\124\214\126\336\156\257\174\276\170\156\136\246}{subsection.10.1.4}% 197
\BOOKMARK [3][-]{subsubsection.10.1.4.4}{\376\377\000F\136\246\221\317}{subsection.10.1.4}% 198
\BOOKMARK [2][-]{subsection.10.1.5}{\376\377\140\047\200\375\147\103\210\141\166\204\123\357\211\306\123\026}{section.10.1}% 199
\BOOKMARK [3][-]{subsubsection.10.1.5.1}{\376\377\000R\000O\000C\146\362\176\277}{subsection.10.1.5}% 200
\BOOKMARK [1][-]{section.10.2}{\376\377\213\304\117\060\147\052\147\145\166\204\140\047\200\375}{chapter.10}% 201
\BOOKMARK [2][-]{subsection.10.2.1}{\376\377\117\335\143\001\154\325}{section.10.2}% 202
\BOOKMARK [2][-]{subsection.10.2.2}{\376\377\116\244\123\311\232\214\213\301}{section.10.2}% 203
\BOOKMARK [2][-]{subsection.10.2.3}{\376\377\201\352\122\251\154\325\142\275\150\067}{section.10.2}% 204
\BOOKMARK [0][-]{chapter.11}{\376\377\143\320\232\330\152\041\127\213\140\047\200\375}{}% 205
\BOOKMARK [1][-]{section.11.1}{\376\377\214\003\145\164\131\032\116\052\152\041\127\213\147\145\143\320\232\330\140\047\200\375}{chapter.11}% 206
\BOOKMARK [2][-]{subsection.11.1.1}{\376\377\117\177\165\050\000c\000a\000r\000e\000t\217\333\210\114\201\352\122\250\123\302\145\160\214\003\145\164}{section.11.1}% 207
\BOOKMARK [3][-]{subsubsection.11.1.1.1}{\376\377\122\033\136\372\173\200\123\125\166\204\214\003\145\164\166\204\152\041\127\213}{subsection.11.1.1}% 208
\BOOKMARK [3][-]{subsubsection.11.1.1.2}{\376\377\133\232\122\066\214\003\145\164\166\204\217\307\172\013}{subsection.11.1.1}% 209
